<?xml version="1.0" encoding="UTF-8"?>
<testsuite xmlns:xsi="http://www.w3.org/2001/XMLSchema-instance" xsi:noNamespaceSchemaLocation="https://maven.apache.org/surefire/maven-surefire-plugin/xsd/surefire-test-report.xsd" name="br.com.eridio.converter.DozerConverterTest" time="1.055" tests="4" errors="0" skipped="0" failures="0">
  <properties>
[...]
</properties>
  <testcase name="parseVOToEntityTest" classname="br.com.eridio.converter.DozerConverterTest" time="0.488"/>
  <testcase name="parseEntityListToVOListTest" classname="br.com.eridio.converter.DozerConverterTest" time="0.253"/>
  <testcase name="parseVOListToEntityListTest" classname="br.com.eridio.converter.DozerConverterTest" time="0.229"/>
  <testcase name="parseEntityToVOTest" classname="br.com.eridio.converter.DozerConverterTest" time="0.015"/>
</testsuite>